<?xml version="1.0" encoding="UTF-8"?>
<testng-results skipped="0" failed="1" ignored="0" total="5" passed="4">
  <reporter-output>
  </reporter-output>
  <suite name="Default suite" duration-ms="211986" started-at="2018-12-09T11:41:11Z" finished-at="2018-12-09T11:44:43Z">
    <groups>
    </groups>
    <test name="Default test" duration-ms="211986" started-at="2018-12-09T11:41:11Z" finished-at="2018-12-09T11:44:43Z">
      <class name="pack.TestNGForMailBoxMessages">
        <test-method status="PASS" signature="beforeSuite()[pri:0, instance:pack.TestNGForMailBoxMessages@7bef7505]" name="beforeSuite" is-config="true" duration-ms="16316" started-at="2018-12-09T11:41:11Z" finished-at="2018-12-09T11:41:27Z">
          <reporter-output>
          </reporter-output>
        </test-method> <!-- beforeSuite -->
        <test-method status="PASS" signature="testForAddToSpamAllMessages()[pri:1, instance:pack.TestNGForMailBoxMessages@7bef7505]" name="testForAddToSpamAllMessages" duration-ms="26610" started-at="2018-12-09T11:41:28Z" finished-at="2018-12-09T11:41:55Z">
          <reporter-output>
          </reporter-output>
        </test-method> <!-- testForAddToSpamAllMessages -->
        <test-method status="PASS" signature="beforeSuite()[pri:0, instance:pack.TestNGForMailBoxMessages@7bef7505]" name="beforeSuite" is-config="true" duration-ms="11406" started-at="2018-12-09T11:41:55Z" finished-at="2018-12-09T11:42:06Z">
          <reporter-output>
          </reporter-output>
        </test-method> <!-- beforeSuite -->
        <test-method status="PASS" signature="testForRemoveFromSpamAllMessages()[pri:2, instance:pack.TestNGForMailBoxMessages@7bef7505]" name="testForRemoveFromSpamAllMessages" duration-ms="21550" started-at="2018-12-09T11:42:06Z" finished-at="2018-12-09T11:42:28Z">
          <reporter-output>
          </reporter-output>
        </test-method> <!-- testForRemoveFromSpamAllMessages -->
        <test-method status="PASS" signature="beforeSuite()[pri:0, instance:pack.TestNGForMailBoxMessages@7bef7505]" name="beforeSuite" is-config="true" duration-ms="22140" started-at="2018-12-09T11:42:28Z" finished-at="2018-12-09T11:42:50Z">
          <reporter-output>
          </reporter-output>
        </test-method> <!-- beforeSuite -->
        <test-method status="FAIL" signature="testForAddToFlag()[pri:3, instance:pack.TestNGForMailBoxMessages@7bef7505]" name="testForAddToFlag" duration-ms="19792" started-at="2018-12-09T11:42:50Z" finished-at="2018-12-09T11:43:10Z">
          <exception class="java.lang.AssertionError">
            <message>
              <![CDATA[expected [5] but found [4]]]>
            </message>
            <full-stacktrace>
              <![CDATA[java.lang.AssertionError: expected [5] but found [4]
at org.testng.Assert.fail(Assert.java:96)
at org.testng.Assert.failNotEquals(Assert.java:776)
at org.testng.Assert.assertEqualsImpl(Assert.java:137)
at org.testng.Assert.assertEquals(Assert.java:118)
at org.testng.Assert.assertEquals(Assert.java:652)
at org.testng.Assert.assertEquals(Assert.java:662)
at pack.TestNGForMailBoxMessages.testForAddToFlag(TestNGForMailBoxMessages.java:75)
at sun.reflect.NativeMethodAccessorImpl.invoke0(Native Method)
at sun.reflect.NativeMethodAccessorImpl.invoke(Unknown Source)
at sun.reflect.DelegatingMethodAccessorImpl.invoke(Unknown Source)
at java.lang.reflect.Method.invoke(Unknown Source)
at org.testng.internal.MethodInvocationHelper.invokeMethod(MethodInvocationHelper.java:124)
at org.testng.internal.Invoker.invokeMethod(Invoker.java:583)
at org.testng.internal.Invoker.invokeTestMethod(Invoker.java:719)
at org.testng.internal.Invoker.invokeTestMethods(Invoker.java:989)
at org.testng.internal.TestMethodWorker.invokeTestMethods(TestMethodWorker.java:125)
at org.testng.internal.TestMethodWorker.run(TestMethodWorker.java:109)
at org.testng.TestRunner.privateRun(TestRunner.java:648)
at org.testng.TestRunner.run(TestRunner.java:505)
at org.testng.SuiteRunner.runTest(SuiteRunner.java:455)
at org.testng.SuiteRunner.runSequentially(SuiteRunner.java:450)
at org.testng.SuiteRunner.privateRun(SuiteRunner.java:415)
at org.testng.SuiteRunner.run(SuiteRunner.java:364)
at org.testng.SuiteRunnerWorker.runSuite(SuiteRunnerWorker.java:52)
at org.testng.SuiteRunnerWorker.run(SuiteRunnerWorker.java:84)
at org.testng.TestNG.runSuitesSequentially(TestNG.java:1208)
at org.testng.TestNG.runSuitesLocally(TestNG.java:1137)
at org.testng.TestNG.runSuites(TestNG.java:1049)
at org.testng.TestNG.run(TestNG.java:1017)
at org.testng.remote.AbstractRemoteTestNG.run(AbstractRemoteTestNG.java:114)
at org.testng.remote.RemoteTestNG.initAndRun(RemoteTestNG.java:251)
at org.testng.remote.RemoteTestNG.main(RemoteTestNG.java:77)
]]>
            </full-stacktrace>
          </exception> <!-- java.lang.AssertionError -->
          <reporter-output>
          </reporter-output>
        </test-method> <!-- testForAddToFlag -->
        <test-method status="PASS" signature="beforeSuite()[pri:0, instance:pack.TestNGForMailBoxMessages@7bef7505]" name="beforeSuite" is-config="true" duration-ms="31662" started-at="2018-12-09T11:43:10Z" finished-at="2018-12-09T11:43:42Z">
          <reporter-output>
          </reporter-output>
        </test-method> <!-- beforeSuite -->
        <test-method status="PASS" signature="testForRemoveFromFlag()[pri:4, instance:pack.TestNGForMailBoxMessages@7bef7505]" name="testForRemoveFromFlag" duration-ms="25089" started-at="2018-12-09T11:43:42Z" finished-at="2018-12-09T11:44:07Z">
          <reporter-output>
          </reporter-output>
        </test-method> <!-- testForRemoveFromFlag -->
        <test-method status="PASS" signature="beforeSuite()[pri:0, instance:pack.TestNGForMailBoxMessages@7bef7505]" name="beforeSuite" is-config="true" duration-ms="13448" started-at="2018-12-09T11:44:07Z" finished-at="2018-12-09T11:44:20Z">
          <reporter-output>
          </reporter-output>
        </test-method> <!-- beforeSuite -->
        <test-method status="PASS" signature="testForAddToTrashMessages()[pri:5, instance:pack.TestNGForMailBoxMessages@7bef7505]" name="testForAddToTrashMessages" duration-ms="22239" started-at="2018-12-09T11:44:21Z" finished-at="2018-12-09T11:44:43Z">
          <reporter-output>
          </reporter-output>
        </test-method> <!-- testForAddToTrashMessages -->
      </class> <!-- pack.TestNGForMailBoxMessages -->
    </test> <!-- Default test -->
  </suite> <!-- Default suite -->
</testng-results>
